<?xml version="1.0" encoding="UTF-8"?>
<!-- Generated by org.testng.reporters.JUnitXMLReporter -->
<testsuite hostname="rajanlaptop" name="Default test" tests="5" failures="0" timestamp="20 Jun 2017 04:52:05 GMT" time="24.019" errors="0">
  <testcase name="validateInterviewer" time="7.483" classname="com.interview.test.Interviewer"/>
  <testcase name="validateLogin" time="4.987" classname="com.interview.test.Interviewer"/>
  <testcase name="validateBalance" time="4.437" classname="com.interview.test.Interviewer"/>
  <testcase name="validateSpend" time="1.713" classname="com.interview.test.Interviewer"/>
  <testcase name="validateTransactions" time="5.362" classname="com.interview.test.Interviewer"/>
</testsuite> <!-- Default test -->
